Unity Editor version:    2020.3.18f1 (a7d1c678663c)
Branch:                  2020.3/staging
Build type:              Release
Batch mode:              YES
macOS version:           Version 12.4 (Build 21F79)
Darwin version:          21.5.0
Architecture:            x86_64
Running under Rosetta:   NO
Available memory:        16384 MB
Using pre-set license
Pro License: NO

COMMAND LINE ARGUMENTS:
/Applications/Unity/Hub/Editor/2020.3.18f1/Unity.app/Contents/MacOS/Unity
-adb2
-batchMode
-noUpm
-name
AssetImportWorker0
-projectPath
/Users/vickyschorn/MEES Unity/24-Game-vschorn
-logFile
Logs/AssetImportWorker0.log
-srvPort
64171
Successfully changed project path to: /Users/vickyschorn/MEES Unity/24-Game-vschorn
/Users/vickyschorn/MEES Unity/24-Game-vschorn
Using Asset Import Pipeline V2.
Refreshing native plugins compatible for Editor in 58.83 ms, found 3 plugins.
Preloading 0 native plugins for Editor in 0.00 ms.
Initialize engine version: 2020.3.18f1 (a7d1c678663c)
[Subsystems] Discovering subsystems at path /Applications/Unity/Hub/Editor/2020.3.18f1/Unity.app/Contents/Resources/UnitySubsystems
[Subsystems] Discovering subsystems at path /Users/vickyschorn/MEES Unity/24-Game-vschorn/Assets
GfxDevice: creating device client; threaded=0
2023-01-11 08:32:14.562 Unity[13340:735130] Color LCD preferred device: Intel(R) UHD Graphics 630 (low power)
2023-01-11 08:32:14.562 Unity[13340:735130] Metal devices available: 2
2023-01-11 08:32:14.562 Unity[13340:735130] 0: AMD Radeon Pro 555X (high power)
2023-01-11 08:32:14.562 Unity[13340:735130] 1: Intel(R) UHD Graphics 630 (low power)
2023-01-11 08:32:14.563 Unity[13340:735130] Using device AMD Radeon Pro 555X (high power)
Initializing Metal device caps: AMD Radeon Pro 555X
Initialize mono
Mono path[0] = '/Applications/Unity/Hub/Editor/2020.3.18f1/Unity.app/Contents/Managed'
Mono path[1] = '/Applications/Unity/Hub/Editor/2020.3.18f1/Unity.app/Contents/MonoBleedingEdge/lib/mono/unityjit'
Mono config path = '/Applications/Unity/Hub/Editor/2020.3.18f1/Unity.app/Contents/MonoBleedingEdge/etc'
Using monoOptions --debugger-agent=transport=dt_socket,embedding=1,server=y,suspend=n,address=127.0.0.1:56340
Begin MonoManager ReloadAssembly
Registering precompiled unity dll's ...
Register platform support module: /Applications/Unity/Hub/Editor/2020.3.18f1/Unity.app/Contents/PlaybackEngines/MacStandaloneSupport/UnityEditor.OSXStandalone.Extensions.dll
Register platform support module: /Applications/Unity/Hub/Editor/2020.3.18f1/PlaybackEngines/WindowsStandaloneSupport/UnityEditor.WindowsStandalone.Extensions.dll
Registered in 0.000714 seconds.
Native extension for WindowsStandalone target not found
Native extension for OSXStandalone target not found
Refreshing native plugins compatible for Editor in 57.91 ms, found 3 plugins.
Preloading 0 native plugins for Editor in 0.00 ms.
Mono: successfully reloaded assembly
- Completed reload, in  3.778 seconds
Domain Reload Profiling:
	ReloadAssembly (3778ms)
		BeginReloadAssembly (62ms)
			ExecutionOrderSort (0ms)
			DisableScriptedObjects (0ms)
			BackupInstance (0ms)
			ReleaseScriptingObjects (0ms)
			CreateAndSetChildDomain (1ms)
		EndReloadAssembly (724ms)
			LoadAssemblies (61ms)
			RebuildTransferFunctionScriptingTraits (0ms)
			SetupTypeCache (286ms)
			ReleaseScriptCaches (0ms)
			RebuildScriptCaches (63ms)
			SetupLoadedEditorAssemblies (293ms)
				LogAssemblyErrors (0ms)
				InitializePlatformSupportModulesInManaged (7ms)
				SetLoadedEditorAssemblies (0ms)
				RefreshPlugins (58ms)
				BeforeProcessingInitializeOnLoad (29ms)
				ProcessInitializeOnLoadAttributes (152ms)
				ProcessInitializeOnLoadMethodAttributes (45ms)
				AfterProcessingInitializeOnLoad (0ms)
				EditorAssembliesLoaded (0ms)
			ExecutionOrderSort2 (0ms)
			AwakeInstancesAfterBackupRestoration (0ms)
Platform modules already initialized, skipping
Registering precompiled user dll's ...
Registered in 0.001622 seconds.
Begin MonoManager ReloadAssembly
Native extension for WindowsStandalone target not found
Native extension for OSXStandalone target not found
Refreshing native plugins compatible for Editor in 55.79 ms, found 3 plugins.
Preloading 0 native plugins for Editor in 0.00 ms.
Mono: successfully reloaded assembly
- Completed reload, in  1.817 seconds
Domain Reload Profiling:
	ReloadAssembly (1818ms)
		BeginReloadAssembly (241ms)
			ExecutionOrderSort (0ms)
			DisableScriptedObjects (8ms)
			BackupInstance (0ms)
			ReleaseScriptingObjects (0ms)
			CreateAndSetChildDomain (45ms)
		EndReloadAssembly (1477ms)
			LoadAssemblies (113ms)
			RebuildTransferFunctionScriptingTraits (0ms)
			SetupTypeCache (528ms)
			ReleaseScriptCaches (1ms)
			RebuildScriptCaches (97ms)
			SetupLoadedEditorAssemblies (538ms)
				LogAssemblyErrors (0ms)
				InitializePlatformSupportModulesInManaged (6ms)
				SetLoadedEditorAssemblies (0ms)
				RefreshPlugins (56ms)
				BeforeProcessingInitializeOnLoad (110ms)
				ProcessInitializeOnLoadAttributes (345ms)
				ProcessInitializeOnLoadMethodAttributes (20ms)
				AfterProcessingInitializeOnLoad (1ms)
				EditorAssembliesLoaded (0ms)
			ExecutionOrderSort2 (0ms)
			AwakeInstancesAfterBackupRestoration (11ms)
Platform modules already initialized, skipping
Validating Project structure ... 0.002004 seconds.
Shader import version has changed; will reimport all shaders...
Upgrading shader files ...0.015576 seconds.
Application.AssetDatabase Initial Script Refresh Start
RefreshInfo: InitialScriptRefreshV2(NoUpdateAssetOptions) scanfilter:  ... 1 filters
RefreshProfiler: Total: 0.000ms
Application.AssetDatabase Initial Script Refresh End
Application.AssetDatabase.Refresh Start
Application.AssetDatabase.Refresh End
RefreshInfo: StopAssetImportingV2(ForceSynchronousImport) scanfilter: 
RefreshProfiler: Total: 0.000ms
Launching external process: /Applications/Unity/Hub/Editor/2020.3.18f1/Unity.app/Contents/Tools/UnityShaderCompiler
Launched and connected shader compiler UnityShaderCompiler after 0.01 seconds
Initializing Unity extensions:
[C# Project] Writing /Users/vickyschorn/MEES Unity/24-Game-vschorn/24-Game-vschorn.sln because it has changed
[C# Project] First difference on line 4

[C# Project] Current /Users/vickyschorn/MEES Unity/24-Game-vschorn/24-Game-vschorn.sln:
[C# Project]   004: Project("{FAE04EC0-301F-11D3-BF4B-00C04F79EFBC}") = "Assembly-CSharp", "Assembly-CSharp.csproj", "{5214CCCE-65C5-B2DE-E1BD-CF152617D3E4}"
[C# Project]   005: EndProject
[C# Project]   006: Global
[C# Project]   007: 	GlobalSection(SolutionConfigurationPlatforms) = preSolution
[C# Project]   008: 		Debug|Any CPU = Debug|Any CPU

[C# Project] New /Users/vickyschorn/MEES Unity/24-Game-vschorn/24-Game-vschorn.sln:
[C# Project]   004: Project("{FAE04EC0-301F-11D3-BF4B-00C04F79EFBC}") = "Unity.2D.PixelPerfect.Tests", "Unity.2D.PixelPerfect.Tests.csproj", "{D613FEE9-3DCC-E250-1409-118F9980D5B2}"
[C# Project]   005: EndProject
[C# Project]   006: Project("{FAE04EC0-301F-11D3-BF4B-00C04F79EFBC}") = "UnityEngine.TestRunner", "UnityEngine.TestRunner.csproj", "{E7320933-D473-F92A-ECE5-D8496BEF7B93}"
[C# Project]   007: EndProject
[C# Project]   008: Project("{FAE04EC0-301F-11D3-BF4B-00C04F79EFBC}") = "Unity.Mathematics", "Unity.Mathematics.csproj", "{3DB060B1-7B22-3F8F-DBDE-B77A549C8FE0}"
[C# Project] Writing /Users/vickyschorn/MEES Unity/24-Game-vschorn/UnityEngine.TestRunner.csproj because it has changed
[C# Project] First difference on line 108

[C# Project] Current /Users/vickyschorn/MEES Unity/24-Game-vschorn/UnityEngine.TestRunner.csproj:
[C# Project]   108:      <Compile Include="Packages\com.unity.test-framework\UnityEngine.TestRunner\Utils\Vector3ComparerWithEqualsOperator.cs" />
[C# Project]   109:      <Compile Include="Packages\com.unity.test-framework\UnityEngine.TestRunner\NUnitExtensions\Filters\CategoryFilterExtended.cs" />
[C# Project]   110:      <Compile Include="Packages\com.unity.test-framework\UnityEngine.TestRunner\Utils\AssemblyProvider\AssemblyWrapper.cs" />
[C# Project]   111:      <Compile Include="Packages\com.unity.test-framework\UnityEngine.TestRunner\TestRunner\TestPlatform.cs" />
[C# Project]   112:      <Compile Include="Packages\com.unity.test-framework\UnityEngine.TestRunner\Utils\TestRunCallbackAttribute.cs" />

[C# Project] New /Users/vickyschorn/MEES Unity/24-Game-vschorn/UnityEngine.TestRunner.csproj:
[C# Project]   108:      <Compile Include="Packages\com.unity.test-framework\UnityEngine.TestRunner\Utils\AssemblyProvider\AssemblyWrapper.cs" />
[C# Project]   109:      <Compile Include="Packages\com.unity.test-framework\UnityEngine.TestRunner\Utils\Vector3ComparerWithEqualsOperator.cs" />
[C# Project]   110:      <Compile Include="Packages\com.unity.test-framework\UnityEngine.TestRunner\NUnitExtensions\Filters\CategoryFilterExtended.cs" />
[C# Project]   111:      <Compile Include="Packages\com.unity.test-framework\UnityEngine.TestRunner\TestRunner\TestPlatform.cs" />
[C# Project]   112:      <Compile Include="Packages\com.unity.test-framework\UnityEngine.TestRunner\Utils\TestRunCallbackAttribute.cs" />
[C# Project] Writing /Users/vickyschorn/MEES Unity/24-Game-vschorn/Assembly-CSharp.csproj because it has changed
[C# Project] First difference on line 642

[C# Project] Current /Users/vickyschorn/MEES Unity/24-Game-vschorn/Assembly-CSharp.csproj:
[C# Project]   642:  <Reference Include="Unity.2D.Animation.Editor">
[C# Project]   643:  <HintPath>/Users/vickyschorn/MEES Unity/24-Game-vschorn/Library/ScriptAssemblies/Unity.2D.Animation.Editor.dll</HintPath>
[C# Project]   644:  </Reference>
[C# Project]   645:  <Reference Include="Unity.InternalAPIEngineBridge.001">
[C# Project]   646:  <HintPath>/Users/vickyschorn/MEES Unity/24-Game-vschorn/Library/ScriptAssemblies/Unity.InternalAPIEngineBridge.001.dll</HintPath>

[C# Project] New /Users/vickyschorn/MEES Unity/24-Game-vschorn/Assembly-CSharp.csproj:
[C# Project]   642:   </ItemGroup>
[C# Project]   643:   <ItemGroup>
[C# Project]   644:     <ProjectReference Include="Unity.2D.Animation.Editor.csproj">
[C# Project]   645:       <Project>{EE4AE01F-1A1D-D0D8-4DD6-E46FD6DC6297}</Project>
[C# Project]   646:       <Name>Unity.2D.Animation.Editor</Name>
[C# Project] Writing /Users/vickyschorn/MEES Unity/24-Game-vschorn/UnityEditor.TestRunner.csproj because it has changed
[C# Project] First difference on line 135

[C# Project] Current /Users/vickyschorn/MEES Unity/24-Game-vschorn/UnityEditor.TestRunner.csproj:
[C# Project]   135:      <Compile Include="Packages\com.unity.test-framework\UnityEditor.TestRunner\TestLaunchers\PlatformSetup\ApplePlatformSetup.cs" />
[C# Project]   136:      <Compile Include="Packages\com.unity.test-framework\UnityEditor.TestRunner\TestLaunchers\PlatformSetup\IPlatformSetup.cs" />
[C# Project]   137:      <Compile Include="Packages\com.unity.test-framework\UnityEditor.TestRunner\TestRun\Tasks\LegacyEditModeRunTask.cs" />
[C# Project]   138:      <Compile Include="Packages\com.unity.test-framework\UnityEditor.TestRunner\TestSettings\ITestSettings.cs" />
[C# Project]   139:      <Compile Include="Packages\com.unity.test-framework\UnityEditor.TestRunner\Api\ICallbacksHolder.cs" />

[C# Project] New /Users/vickyschorn/MEES Unity/24-Game-vschorn/UnityEditor.TestRunner.csproj:
[C# Project]   135:      <Compile Include="Packages\com.unity.test-framework\UnityEditor.TestRunner\TestLaunchers\PlatformSetup\IPlatformSetup.cs" />
[C# Project]   136:      <Compile Include="Packages\com.unity.test-framework\UnityEditor.TestRunner\TestLaunchers\PlatformSetup\ApplePlatformSetup.cs" />
[C# Project]   137:      <Compile Include="Packages\com.unity.test-framework\UnityEditor.TestRunner\TestRun\Tasks\LegacyEditModeRunTask.cs" />
[C# Project]   138:      <Compile Include="Packages\com.unity.test-framework\UnityEditor.TestRunner\TestSettings\ITestSettings.cs" />
[C# Project]   139:      <Compile Include="Packages\com.unity.test-framework\UnityEditor.TestRunner\Api\ICallbacksHolder.cs" />
2023-01-11 08:32:22.345 Unity[13340:735130] NSEventModifierFlagFunction specified to -setKeyEquivalentModifierMask: for item <NSMenuItem: 0x7f844858e580 Font Asset, ke='Command-F12'>, but is only supported for system-provided menu items; will not be used
2023-01-11 08:32:22.350 Unity[13340:735130] NSEventModifierFlagFunction specified to -setKeyEquivalentModifierMask: for item <NSMenuItem: 0x7f84485d8cd0 Font Asset, ke='Command-F12'>, but is only supported for system-provided menu items; will not be used
========================================================================
Worker process is ready to serve import requests
Refreshing native plugins compatible for Editor in 0.48 ms, found 3 plugins.
Preloading 0 native plugins for Editor in 0.00 ms.
Unloading 2108 Unused Serialized files (Serialized files now loaded: 0)
System memory in use before: 203.1 MB.
System memory in use after: 202.3 MB.

Unloading 103 unused Assets to reduce memory usage. Loaded Objects now: 2587.
Total: 4.825188 ms (FindLiveObjects: 0.237113 ms CreateObjectMapping: 0.098214 ms MarkObjects: 3.844821 ms  DeleteObjects: 0.643933 ms)

AssetImportParameters requested are different than current active one (requested -> active):
  custom:video-decoder-ogg-theora: a1e56fd34408186e4bbccfd4996cb3dc -> 
  custom:container-muxer-webm: aa71ff27fc2769a1b78a27578f13a17b -> 
  custom:container-demuxer-webm: 4f35f7cbe854078d1ac9338744f61a02 -> 
  custom:container-demuxer-ogg: 62fdf1f143b41e24485cea50d1cbac27 -> 
  custom:video-encoder-webm-vp8: eb34c28f22e8b96e1ab97ce403110664 -> 
  custom:framework-osx-AVFoundation: e770b220cccbd017edd2c1fefb359320 -> 
  custom:video-decoder-webm-vp8: 9c59270c3fd7afecdb556c50c9e8de78 -> 
  custom:audio-decoder-ogg-vorbis: bf7c407c2cedff20999df2af8eb42d56 -> 
  custom:audio-encoder-webm-vorbis: bf7c407c2cedff20999df2af8eb42d56 -> 
========================================================================
Received Import Request.
  path: Assets/Scenes/Game.unity
  artifactKey: Guid(c798319177e17462a84a836d2ffffd7d) Importer(815301076,1909f56bfc062723c751e8b465ee728b)
Start importing Assets/Scenes/Game.unity using Guid(c798319177e17462a84a836d2ffffd7d) Importer(815301076,1909f56bfc062723c751e8b465ee728b)  -> (artifact id: '5eaa0885bde571c2a40887557a347005') in 0.015493 seconds 
  Import took 0.020243 seconds .

========================================================================
Received Import Request.
  Time since last request: 0.000378 seconds.
  path: Assets/Models/winterwonderland.png
  artifactKey: Guid(76645b44de60c41f6b426a9a09c3b9f4) Importer(815301076,1909f56bfc062723c751e8b465ee728b)
Start importing Assets/Models/winterwonderland.png using Guid(76645b44de60c41f6b426a9a09c3b9f4) Importer(815301076,1909f56bfc062723c751e8b465ee728b)  -> (artifact id: 'c9ed0199ec9a8f5065fca1de0ccbbed8') in 1.009157 seconds 
  Import took 1.013507 seconds .

========================================================================
Received Import Request.
  Time since last request: 0.003611 seconds.
  path: Assets/Models/winterlandscape.jpg
  artifactKey: Guid(4f14ea5c2217448a5b5fb403cfbaf9fe) Importer(815301076,1909f56bfc062723c751e8b465ee728b)
Start importing Assets/Models/winterlandscape.jpg using Guid(4f14ea5c2217448a5b5fb403cfbaf9fe) Importer(815301076,1909f56bfc062723c751e8b465ee728b)  -> (artifact id: 'fb7427372574f67f8aef604f14a38d8d') in 1.385506 seconds 
  Import took 1.389550 seconds .

AssetImportWorkerClient::OnTransportError - code=2 error=End of file
